<?xml version="1.0" encoding="utf-8"?>
<coverage line-rate="0.8504999999999999" branch-rate="0.6594" version="1.9" timestamp="1714520377" lines-covered="939" lines-valid="1104" branches-covered="153" branches-valid="232">
  <sources>
    <source>C:\Users\yuqingyang\GMM-repos\GMM-Public\Service\GroupMembershipManagement\Hosts\GroupMembershipObtainer\</source>
  </sources>
  <packages>
    <package name="GroupMembershipObtainer" line-rate="0.8378" branch-rate="0.6617000000000001" complexity="312">
      <classes>
        <class name="Hosts.GroupMembershipObtainer.DeltaUsersReaderFunction" filename="Function\Activity\DeltaUsersReader\DeltaUsersReaderFunction.cs" line-rate="1" branch-rate="0.5" complexity="4">
          <methods>
            <method name=".ctor" signature="(Repositories.Contracts.ILoggingRepository,Hosts.GroupMembershipObtainer.SGMembershipCalculator)" line-rate="1" branch-rate="0.5" complexity="4">
              <lines>
                <line number="21" hits="6" branch="False" />
                <line number="22" hits="6" branch="False" />
                <line number="23" hits="6" branch="True" condition-coverage="50% (1/2)">
                  <conditions>
                    <condition number="11" type="jump" coverage="50%" />
                  </conditions>
                </line>
                <line number="24" hits="6" branch="True" condition-coverage="50% (1/2)">
                  <conditions>
                    <condition number="33" type="jump" coverage="50%" />
                  </conditions>
                </line>
                <line number="25" hits="6" branch="False" />
              </lines>
            </method>
          </methods>
          <lines>
            <line number="21" hits="6" branch="False" />
            <line number="22" hits="6" branch="False" />
            <line number="23" hits="6" branch="True" condition-coverage="50% (1/2)">
              <conditions>
                <condition number="11" type="jump" coverage="50%" />
              </conditions>
            </line>
            <line number="24" hits="6" branch="True" condition-coverage="50% (1/2)">
              <conditions>
                <condition number="33" type="jump" coverage="50%" />
              </conditions>
            </line>
            <line number="25" hits="6" branch="False" />
          </lines>
        </class>
        <class name="Hosts.GroupMembershipObtainer.DeltaUsersReaderFunction/&lt;GetDeltaUsersAsync&gt;d__3" filename="Function\Activity\DeltaUsersReader\DeltaUsersReaderFunction.cs" line-rate="1" branch-rate="1" complexity="1">
          <methods>
            <method name="MoveNext" signature="()" line-rate="1" branch-rate="1" complexity="1">
              <lines>
                <line number="29" hits="6" branch="False" />
                <line number="30" hits="6" branch="False" />
                <line number="31" hits="6" branch="False" />
                <line number="32" hits="6" branch="False" />
                <line number="33" hits="6" branch="False" />
                <line number="34" hits="6" branch="False" />
                <line number="36" hits="6" branch="False" />
              </lines>
            </method>
          </methods>
          <lines>
            <line number="29" hits="6" branch="False" />
            <line number="30" hits="6" branch="False" />
            <line number="31" hits="6" branch="False" />
            <line number="32" hits="6" branch="False" />
            <line number="33" hits="6" branch="False" />
            <line number="34" hits="6" branch="False" />
            <line number="36" hits="6" branch="False" />
          </lines>
        </class>
        <class name="Hosts.GroupMembershipObtainer.DeltaUsersReaderRequest" filename="Function\Activity\DeltaUsersReader\DeltaUsersReaderRequest.cs" line-rate="1" branch-rate="1" complexity="2">
          <methods>
            <method name="get_RunId" signature="()" line-rate="1" branch-rate="1" complexity="1">
              <lines>
                <line number="10" hits="24" branch="False" />
              </lines>
            </method>
            <method name="get_DeltaLink" signature="()" line-rate="1" branch-rate="1" complexity="1">
              <lines>
                <line number="11" hits="12" branch="False" />
              </lines>
            </method>
          </methods>
          <lines>
            <line number="10" hits="24" branch="False" />
            <line number="11" hits="12" branch="False" />
          </lines>
        </class>
        <class name="Hosts.GroupMembershipObtainer.DeltaUsersSenderFunction" filename="Function\Activity\DeltaUsersSender\DeltaUsersSenderFunction.cs" line-rate="1" branch-rate="0.5" complexity="4">
          <methods>
            <method name=".ctor" signature="(Repositories.Contracts.ILoggingRepository,Hosts.GroupMembershipObtainer.SGMembershipCalculator)" line-rate="1" branch-rate="0.5" complexity="4">
              <lines>
                <line number="22" hits="9" branch="False" />
                <line number="23" hits="9" branch="False" />
                <line number="24" hits="9" branch="True" condition-coverage="50% (1/2)">
                  <conditions>
                    <condition number="11" type="jump" coverage="50%" />
                  </conditions>
                </line>
                <line number="25" hits="9" branch="True" condition-coverage="50% (1/2)">
                  <conditions>
                    <condition number="33" type="jump" coverage="50%" />
                  </conditions>
                </line>
                <line number="26" hits="9" branch="False" />
              </lines>
            </method>
          </methods>
          <lines>
            <line number="22" hits="9" branch="False" />
            <line number="23" hits="9" branch="False" />
            <line number="24" hits="9" branch="True" condition-coverage="50% (1/2)">
              <conditions>
                <condition number="11" type="jump" coverage="50%" />
              </conditions>
            </line>
            <line number="25" hits="9" branch="True" condition-coverage="50% (1/2)">
              <conditions>
                <condition number="33" type="jump" coverage="50%" />
              </conditions>
            </line>
            <line number="26" hits="9" branch="False" />
          </lines>
        </class>
        <class name="Hosts.GroupMembershipObtainer.DeltaUsersSenderFunction/&lt;SendUsersAsync&gt;d__3" filename="Function\Activity\DeltaUsersSender\DeltaUsersSenderFunction.cs" line-rate="1" branch-rate="1" complexity="1">
          <methods>
            <method name="MoveNext" signature="()" line-rate="1" branch-rate="1" complexity="1">
              <lines>
                <line number="30" hits="9" branch="False" />
                <line number="31" hits="9" branch="False" />
                <line number="33" hits="9" branch="False" />
                <line number="34" hits="9" branch="False" />
                <line number="35" hits="9" branch="False" />
                <line number="36" hits="9" branch="False" />
                <line number="37" hits="9" branch="False" />
                <line number="38" hits="9" branch="False" />
                <line number="39" hits="9" branch="False" />
                <line number="40" hits="9" branch="False" />
                <line number="41" hits="9" branch="False" />
              </lines>
            </method>
          </methods>
          <lines>
            <line number="30" hits="9" branch="False" />
            <line number="31" hits="9" branch="False" />
            <line number="33" hits="9" branch="False" />
            <line number="34" hits="9" branch="False" />
            <line number="35" hits="9" branch="False" />
            <line number="36" hits="9" branch="False" />
            <line number="37" hits="9" branch="False" />
            <line number="38" hits="9" branch="False" />
            <line number="39" hits="9" branch="False" />
            <line number="40" hits="9" branch="False" />
            <line number="41" hits="9" branch="False" />
          </lines>
        </class>
        <class name="Hosts.GroupMembershipObtainer.DeltaUsersSenderRequest" filename="Function\Activity\DeltaUsersSender\DeltaUsersSenderRequest.cs" line-rate="1" branch-rate="1" complexity="5">
          <methods>
            <method name="get_RunId" signature="()" line-rate="1" branch-rate="1" complexity="1">
              <lines>
                <line number="10" hits="36" branch="False" />
              </lines>
            </method>
            <method name="get_SyncJob" signature="()" line-rate="1" branch-rate="1" complexity="1">
              <lines>
                <line number="11" hits="18" branch="False" />
              </lines>
            </method>
            <method name="get_ObjectId" signature="()" line-rate="1" branch-rate="1" complexity="1">
              <lines>
                <line number="12" hits="27" branch="False" />
              </lines>
            </method>
            <method name="get_CompressedUsers" signature="()" line-rate="1" branch-rate="1" complexity="1">
              <lines>
                <line number="13" hits="18" branch="False" />
              </lines>
            </method>
            <method name="get_DeltaLink" signature="()" line-rate="1" branch-rate="1" complexity="1">
              <lines>
                <line number="14" hits="27" branch="False" />
              </lines>
            </method>
          </methods>
          <lines>
            <line number="10" hits="36" branch="False" />
            <line number="11" hits="18" branch="False" />
            <line number="12" hits="27" branch="False" />
            <line number="13" hits="18" branch="False" />
            <line number="14" hits="27" branch="False" />
          </lines>
        </class>
        <class name="Hosts.GroupMembershipObtainer.DestinationNameReaderFunction" filename="Function\Activity\DestinationNameReader\DestinationNameReaderFunction.cs" line-rate="0" branch-rate="0" complexity="4">
          <methods>
            <method name=".ctor" signature="(Repositories.Contracts.ILoggingRepository,Hosts.GroupMembershipObtainer.SGMembershipCalculator)" line-rate="0" branch-rate="0" complexity="4">
              <lines>
                <line number="17" hits="0" branch="False" />
                <line number="18" hits="0" branch="False" />
                <line number="19" hits="0" branch="False" />
                <line number="20" hits="0" branch="True" condition-coverage="0% (0/2)">
                  <conditions>
                    <condition number="18" type="jump" coverage="0%" />
                  </conditions>
                </line>
                <line number="21" hits="0" branch="True" condition-coverage="0% (0/2)">
                  <conditions>
                    <condition number="40" type="jump" coverage="0%" />
                  </conditions>
                </line>
                <line number="22" hits="0" branch="False" />
              </lines>
            </method>
          </methods>
          <lines>
            <line number="17" hits="0" branch="False" />
            <line number="18" hits="0" branch="False" />
            <line number="19" hits="0" branch="False" />
            <line number="20" hits="0" branch="True" condition-coverage="0% (0/2)">
              <conditions>
                <condition number="18" type="jump" coverage="0%" />
              </conditions>
            </line>
            <line number="21" hits="0" branch="True" condition-coverage="0% (0/2)">
              <conditions>
                <condition number="40" type="jump" coverage="0%" />
              </conditions>
            </line>
            <line number="22" hits="0" branch="False" />
          </lines>
        </class>
        <class name="Hosts.GroupMembershipObtainer.DestinationNameReaderFunction/&lt;GetDestinationNameAsync&gt;d__3" filename="Function\Activity\DestinationNameReader\DestinationNameReaderFunction.cs" line-rate="0" branch-rate="0" complexity="4">
          <methods>
            <method name="MoveNext" signature="()" line-rate="0" branch-rate="0" complexity="4">
              <lines>
                <line number="26" hits="0" branch="False" />
                <line number="27" hits="0" branch="False" />
                <line number="29" hits="0" branch="True" condition-coverage="0% (0/2)">
                  <conditions>
                    <condition number="205" type="jump" coverage="0%" />
                  </conditions>
                </line>
                <line number="30" hits="0" branch="False" />
                <line number="32" hits="0" branch="True" condition-coverage="0% (0/2)">
                  <conditions>
                    <condition number="245" type="jump" coverage="0%" />
                  </conditions>
                </line>
                <line number="33" hits="0" branch="False" />
                <line number="34" hits="0" branch="False" />
                <line number="36" hits="0" branch="False" />
                <line number="37" hits="0" branch="False" />
              </lines>
            </method>
          </methods>
          <lines>
            <line number="26" hits="0" branch="False" />
            <line number="27" hits="0" branch="False" />
            <line number="29" hits="0" branch="True" condition-coverage="0% (0/2)">
              <conditions>
                <condition number="205" type="jump" coverage="0%" />
              </conditions>
            </line>
            <line number="30" hits="0" branch="False" />
            <line number="32" hits="0" branch="True" condition-coverage="0% (0/2)">
              <conditions>
                <condition number="245" type="jump" coverage="0%" />
              </conditions>
            </line>
            <line number="33" hits="0" branch="False" />
            <line number="34" hits="0" branch="False" />
            <line number="36" hits="0" branch="False" />
            <line number="37" hits="0" branch="False" />
          </lines>
        </class>
        <class name="Hosts.GroupMembershipObtainer.EmailSenderFunction" filename="Function\Activity\EmailSender\EmailSenderFunction.cs" line-rate="1" branch-rate="0.5" complexity="4">
          <methods>
            <method name=".ctor" signature="(Repositories.Contracts.ILoggingRepository,Hosts.GroupMembershipObtainer.SGMembershipCalculator)" line-rate="1" branch-rate="0.5" complexity="4">
              <lines>
                <line number="15" hits="3" branch="False" />
                <line number="16" hits="3" branch="False" />
                <line number="18" hits="3" branch="False" />
                <line number="19" hits="3" branch="False" />
                <line number="20" hits="3" branch="True" condition-coverage="50% (1/2)">
                  <conditions>
                    <condition number="25" type="jump" coverage="50%" />
                  </conditions>
                </line>
                <line number="21" hits="3" branch="True" condition-coverage="50% (1/2)">
                  <conditions>
                    <condition number="47" type="jump" coverage="50%" />
                  </conditions>
                </line>
                <line number="22" hits="3" branch="False" />
              </lines>
            </method>
          </methods>
          <lines>
            <line number="15" hits="3" branch="False" />
            <line number="16" hits="3" branch="False" />
            <line number="18" hits="3" branch="False" />
            <line number="19" hits="3" branch="False" />
            <line number="20" hits="3" branch="True" condition-coverage="50% (1/2)">
              <conditions>
                <condition number="25" type="jump" coverage="50%" />
              </conditions>
            </line>
            <line number="21" hits="3" branch="True" condition-coverage="50% (1/2)">
              <conditions>
                <condition number="47" type="jump" coverage="50%" />
              </conditions>
            </line>
            <line number="22" hits="3" branch="False" />
          </lines>
        </class>
        <class name="Hosts.GroupMembershipObtainer.EmailSenderFunction/&lt;SendEmailAsync&gt;d__3" filename="Function\Activity\EmailSender\EmailSenderFunction.cs" line-rate="1" branch-rate="1" complexity="2">
          <methods>
            <method name="MoveNext" signature="()" line-rate="1" branch-rate="1" complexity="2">
              <lines>
                <line number="26" hits="3" branch="False" />
                <line number="27" hits="3" branch="True" condition-coverage="100% (2/2)">
                  <conditions>
                    <condition number="59" type="jump" coverage="100%" />
                  </conditions>
                </line>
                <line number="28" hits="3" branch="False" />
                <line number="29" hits="3" branch="False" />
                <line number="30" hits="3" branch="False" />
                <line number="31" hits="3" branch="False" />
                <line number="32" hits="3" branch="False" />
                <line number="33" hits="3" branch="False" />
                <line number="34" hits="3" branch="False" />
              </lines>
            </method>
          </methods>
          <lines>
            <line number="26" hits="3" branch="False" />
            <line number="27" hits="3" branch="True" condition-coverage="100% (2/2)">
              <conditions>
                <condition number="59" type="jump" coverage="100%" />
              </conditions>
            </line>
            <line number="28" hits="3" branch="False" />
            <line number="29" hits="3" branch="False" />
            <line number="30" hits="3" branch="False" />
            <line number="31" hits="3" branch="False" />
            <line number="32" hits="3" branch="False" />
            <line number="33" hits="3" branch="False" />
            <line number="34" hits="3" branch="False" />
          </lines>
        </class>
        <class name="Hosts.GroupMembershipObtainer.EmailSenderRequest" filename="Function\Activity\EmailSender\EmailSenderRequest.cs" line-rate="1" branch-rate="1" complexity="4">
          <methods>
            <method name="get_RunId" signature="()" line-rate="1" branch-rate="1" complexity="1">
              <lines>
                <line number="11" hits="9" branch="False" />
              </lines>
            </method>
            <method name="get_SyncJob" signature="()" line-rate="1" branch-rate="1" complexity="1">
              <lines>
                <line number="12" hits="9" branch="False" />
              </lines>
            </method>
            <method name="get_NotificationType" signature="()" line-rate="1" branch-rate="1" complexity="1">
              <lines>
                <line number="13" hits="6" branch="False" />
              </lines>
            </method>
            <method name="get_AdditionalContentParams" signature="()" line-rate="1" branch-rate="1" complexity="1">
              <lines>
                <line number="14" hits="6" branch="False" />
              </lines>
            </method>
          </methods>
          <lines>
            <line number="11" hits="9" branch="False" />
            <line number="12" hits="9" branch="False" />
            <line number="13" hits="6" branch="False" />
            <line number="14" hits="6" branch="False" />
          </lines>
        </class>
        <class name="Hosts.GroupMembershipObtainer.FeatureFlagFunction" filename="Function\Activity\FeatureFlagReader\FeatureFlagFunction.cs" line-rate="0" branch-rate="0" complexity="4">
          <methods>
            <method name=".ctor" signature="(Repositories.Contracts.ILoggingRepository,Repositories.Contracts.IFeatureFlagRepository)" line-rate="0" branch-rate="0" complexity="4">
              <lines>
                <line number="17" hits="0" branch="False" />
                <line number="18" hits="0" branch="False" />
                <line number="19" hits="0" branch="False" />
                <line number="20" hits="0" branch="False" />
                <line number="21" hits="0" branch="True" condition-coverage="0% (0/2)">
                  <conditions>
                    <condition number="11" type="jump" coverage="0%" />
                  </conditions>
                </line>
                <line number="22" hits="0" branch="True" condition-coverage="0% (0/2)">
                  <conditions>
                    <condition number="33" type="jump" coverage="0%" />
                  </conditions>
                </line>
                <line number="23" hits="0" branch="False" />
              </lines>
            </method>
          </methods>
          <lines>
            <line number="17" hits="0" branch="False" />
            <line number="18" hits="0" branch="False" />
            <line number="19" hits="0" branch="False" />
            <line number="20" hits="0" branch="False" />
            <line number="21" hits="0" branch="True" condition-coverage="0% (0/2)">
              <conditions>
                <condition number="11" type="jump" coverage="0%" />
              </conditions>
            </line>
            <line number="22" hits="0" branch="True" condition-coverage="0% (0/2)">
              <conditions>
                <condition number="33" type="jump" coverage="0%" />
              </conditions>
            </line>
            <line number="23" hits="0" branch="False" />
          </lines>
        </class>
        <class name="Hosts.GroupMembershipObtainer.FeatureFlagFunction/&lt;CheckFeatureFlagStateAsync&gt;d__3" filename="Function\Activity\FeatureFlagReader\FeatureFlagFunction.cs" line-rate="0" branch-rate="1" complexity="1">
          <methods>
            <method name="MoveNext" signature="()" line-rate="0" branch-rate="1" complexity="1">
              <lines>
                <line number="27" hits="0" branch="False" />
                <line number="28" hits="0" branch="False" />
                <line number="30" hits="0" branch="False" />
                <line number="32" hits="0" branch="False" />
                <line number="33" hits="0" branch="False" />
                <line number="34" hits="0" branch="False" />
              </lines>
            </method>
          </methods>
          <lines>
            <line number="27" hits="0" branch="False" />
            <line number="28" hits="0" branch="False" />
            <line number="30" hits="0" branch="False" />
            <line number="32" hits="0" branch="False" />
            <line number="33" hits="0" branch="False" />
            <line number="34" hits="0" branch="False" />
          </lines>
        </class>
        <class name="Hosts.GroupMembershipObtainer.FeatureFlagRequest" filename="Function\Activity\FeatureFlagReader\FeatureFlagRequest.cs" line-rate="0" branch-rate="1" complexity="3">
          <methods>
            <method name="get_RunId" signature="()" line-rate="0" branch-rate="1" complexity="1">
              <lines>
                <line number="10" hits="0" branch="False" />
              </lines>
            </method>
            <method name="get_FeatureFlagName" signature="()" line-rate="0" branch-rate="1" complexity="1">
              <lines>
                <line number="11" hits="0" branch="False" />
              </lines>
            </method>
            <method name="get_RefreshAppConfigurationValues" signature="()" line-rate="0" branch-rate="1" complexity="1">
              <lines>
                <line number="12" hits="0" branch="False" />
              </lines>
            </method>
          </methods>
          <lines>
            <line number="10" hits="0" branch="False" />
            <line number="11" hits="0" branch="False" />
            <line number="12" hits="0" branch="False" />
          </lines>
        </class>
        <class name="Hosts.GroupMembershipObtainer.FileDeleterFunction" filename="Function\Activity\FileDeleter\FileDeleterFunction.cs" line-rate="1" branch-rate="0.5" complexity="4">
          <methods>
            <method name=".ctor" signature="(Repositories.Contracts.ILoggingRepository,Repositories.Contracts.IBlobStorageRepository)" line-rate="1" branch-rate="0.5" complexity="4">
              <lines>
                <line number="18" hits="10" branch="False" />
                <line number="19" hits="10" branch="False" />
                <line number="20" hits="10" branch="True" condition-coverage="50% (1/2)">
                  <conditions>
                    <condition number="11" type="jump" coverage="50%" />
                  </conditions>
                </line>
                <line number="21" hits="10" branch="True" condition-coverage="50% (1/2)">
                  <conditions>
                    <condition number="33" type="jump" coverage="50%" />
                  </conditions>
                </line>
                <line number="22" hits="10" branch="False" />
              </lines>
            </method>
          </methods>
          <lines>
            <line number="18" hits="10" branch="False" />
            <line number="19" hits="10" branch="False" />
            <line number="20" hits="10" branch="True" condition-coverage="50% (1/2)">
              <conditions>
                <condition number="11" type="jump" coverage="50%" />
              </conditions>
            </line>
            <line number="21" hits="10" branch="True" condition-coverage="50% (1/2)">
              <conditions>
                <condition number="33" type="jump" coverage="50%" />
              </conditions>
            </line>
            <line number="22" hits="10" branch="False" />
          </lines>
        </class>
        <class name="Hosts.GroupMembershipObtainer.FileDeleterFunction/&lt;DeleteFileAsync&gt;d__3" filename="Function\Activity\FileDeleter\FileDeleterFunction.cs" line-rate="1" branch-rate="1" complexity="1">
          <methods>
            <method name="MoveNext" signature="()" line-rate="1" branch-rate="1" complexity="1">
              <lines>
                <line number="26" hits="10" branch="False" />
                <line number="27" hits="10" branch="False" />
                <line number="28" hits="10" branch="False" />
                <line number="29" hits="10" branch="False" />
                <line number="30" hits="10" branch="False" />
              </lines>
            </method>
          </methods>
          <lines>
            <line number="26" hits="10" branch="False" />
            <line number="27" hits="10" branch="False" />
            <line number="28" hits="10" branch="False" />
            <line number="29" hits="10" branch="False" />
            <line number="30" hits="10" branch="False" />
          </lines>
        </class>
        <class name="Hosts.GroupMembershipObtainer.FileDeleterRequest" filename="Function\Activity\FileDeleter\FileDeleterRequest.cs" line-rate="1" branch-rate="1" complexity="2">
          <methods>
            <method name="get_FilePath" signature="()" line-rate="1" branch-rate="1" complexity="1">
              <lines>
                <line number="9" hits="40" branch="False" />
              </lines>
            </method>
            <method name="get_SyncJob" signature="()" line-rate="1" branch-rate="1" complexity="1">
              <lines>
                <line number="10" hits="30" branch="False" />
              </lines>
            </method>
          </methods>
          <lines>
            <line number="9" hits="40" branch="False" />
            <line number="10" hits="30" branch="False" />
          </lines>
        </class>
        <class name="Hosts.GroupMembershipObtainer.FileDownloaderFunction" filename="Function\Activity\FileDownloader\FileDownloaderFunction.cs" line-rate="1" branch-rate="0.5" complexity="4">
          <methods>
            <method name=".ctor" signature="(Repositories.Contracts.ILoggingRepository,Repositories.Contracts.IBlobStorageRepository)" line-rate="1" branch-rate="0.5" complexity="4">
              <lines>
                <line number="18" hits="10" branch="False" />
                <line number="19" hits="10" branch="False" />
                <line number="20" hits="10" branch="True" condition-coverage="50% (1/2)">
                  <conditions>
                    <condition number="11" type="jump" coverage="50%" />
                  </conditions>
                </line>
                <line number="21" hits="10" branch="True" condition-coverage="50% (1/2)">
                  <conditions>
                    <condition number="33" type="jump" coverage="50%" />
                  </conditions>
                </line>
                <line number="22" hits="10" branch="False" />
              </lines>
            </method>
          </methods>
          <lines>
            <line number="18" hits="10" branch="False" />
            <line number="19" hits="10" branch="False" />
            <line number="20" hits="10" branch="True" condition-coverage="50% (1/2)">
              <conditions>
                <condition number="11" type="jump" coverage="50%" />
              </conditions>
            </line>
            <line number="21" hits="10" branch="True" condition-coverage="50% (1/2)">
              <conditions>
                <condition number="33" type="jump" coverage="50%" />
              </conditions>
            </line>
            <line number="22" hits="10" branch="False" />
          </lines>
        </class>
        <class name="Hosts.GroupMembershipObtainer.FileDownloaderFunction/&lt;DownloadFileAsync&gt;d__3" filename="Function\Activity\FileDownloader\FileDownloaderFunction.cs" line-rate="0.7272" branch-rate="0.5" complexity="4">
          <methods>
            <method name="MoveNext" signature="()" line-rate="0.7272" branch-rate="0.5" complexity="4">
              <lines>
                <line number="31" hits="10" branch="False" />
                <line number="32" hits="10" branch="False" />
                <line number="34" hits="10" branch="False" />
                <line number="35" hits="10" branch="True" condition-coverage="50% (1/2)">
                  <conditions>
                    <condition number="387" type="jump" coverage="50%" />
                  </conditions>
                </line>
                <line number="36" hits="0" branch="False" />
                <line number="37" hits="0" branch="False" />
                <line number="38" hits="0" branch="False" />
                <line number="41" hits="10" branch="False" />
                <line number="43" hits="10" branch="True" condition-coverage="50% (1/2)">
                  <conditions>
                    <condition number="774" type="jump" coverage="50%" />
                  </conditions>
                </line>
                <line number="44" hits="10" branch="False" />
                <line number="45" hits="10" branch="False" />
              </lines>
            </method>
          </methods>
          <lines>
            <line number="31" hits="10" branch="False" />
            <line number="32" hits="10" branch="False" />
            <line number="34" hits="10" branch="False" />
            <line number="35" hits="10" branch="True" condition-coverage="50% (1/2)">
              <conditions>
                <condition number="387" type="jump" coverage="50%" />
              </conditions>
            </line>
            <line number="36" hits="0" branch="False" />
            <line number="37" hits="0" branch="False" />
            <line number="38" hits="0" branch="False" />
            <line number="41" hits="10" branch="False" />
            <line number="43" hits="10" branch="True" condition-coverage="50% (1/2)">
              <conditions>
                <condition number="774" type="jump" coverage="50%" />
              </conditions>
            </line>
            <line number="44" hits="10" branch="False" />
            <line number="45" hits="10" branch="False" />
          </lines>
        </class>
        <class name="Hosts.GroupMembershipObtainer.FileDownloaderRequest" filename="Function\Activity\FileDownloader\FileDownloaderRequest.cs" line-rate="1" branch-rate="1" complexity="2">
          <methods>
            <method name="get_FilePath" signature="()" line-rate="1" branch-rate="1" complexity="1">
              <lines>
                <line number="9" hits="49" branch="False" />
              </lines>
            </method>
            <method name="get_SyncJob" signature="()" line-rate="1" branch-rate="1" complexity="1">
              <lines>
                <line number="10" hits="34" branch="False" />
              </lines>
            </method>
          </methods>
          <lines>
            <line number="9" hits="49" branch="False" />
            <line number="10" hits="34" branch="False" />
          </lines>
        </class>
        <class name="Hosts.GroupMembershipObtainer.GetTransitiveGroupCountFunction" filename="Function\Activity\GetTransitiveGroupCount\GetTransitiveGroupCountFunction.cs" line-rate="1" branch-rate="0.5" complexity="4">
          <methods>
            <method name=".ctor" signature="(Repositories.Contracts.ILoggingRepository,Hosts.GroupMembershipObtainer.SGMembershipCalculator)" line-rate="1" branch-rate="0.5" complexity="4">
              <lines>
                <line number="20" hits="12" branch="False" />
                <line number="21" hits="12" branch="False" />
                <line number="22" hits="12" branch="True" condition-coverage="50% (1/2)">
                  <conditions>
                    <condition number="11" type="jump" coverage="50%" />
                  </conditions>
                </line>
                <line number="23" hits="12" branch="True" condition-coverage="50% (1/2)">
                  <conditions>
                    <condition number="33" type="jump" coverage="50%" />
                  </conditions>
                </line>
                <line number="24" hits="12" branch="False" />
              </lines>
            </method>
          </methods>
          <lines>
            <line number="20" hits="12" branch="False" />
            <line number="21" hits="12" branch="False" />
            <line number="22" hits="12" branch="True" condition-coverage="50% (1/2)">
              <conditions>
                <condition number="11" type="jump" coverage="50%" />
              </conditions>
            </line>
            <line number="23" hits="12" branch="True" condition-coverage="50% (1/2)">
              <conditions>
                <condition number="33" type="jump" coverage="50%" />
              </conditions>
            </line>
            <line number="24" hits="12" branch="False" />
          </lines>
        </class>
        <class name="Hosts.GroupMembershipObtainer.GetTransitiveGroupCountFunction/&lt;GetGroupsAsync&gt;d__3" filename="Function\Activity\GetTransitiveGroupCount\GetTransitiveGroupCountFunction.cs" line-rate="1" branch-rate="1" complexity="1">
          <methods>
            <method name="MoveNext" signature="()" line-rate="1" branch-rate="1" complexity="1">
              <lines>
                <line number="28" hits="12" branch="False" />
                <line number="29" hits="12" branch="False" />
                <line number="30" hits="12" branch="False" />
                <line number="31" hits="12" branch="False" />
                <line number="32" hits="12" branch="False" />
                <line number="33" hits="12" branch="False" />
                <line number="34" hits="12" branch="False" />
              </lines>
            </method>
          </methods>
          <lines>
            <line number="28" hits="12" branch="False" />
            <line number="29" hits="12" branch="False" />
            <line number="30" hits="12" branch="False" />
            <line number="31" hits="12" branch="False" />
            <line number="32" hits="12" branch="False" />
            <line number="33" hits="12" branch="False" />
            <line number="34" hits="12" branch="False" />
          </lines>
        </class>
        <class name="Hosts.GroupMembershipObtainer.GetTransitiveGroupCountRequest" filename="Function\Activity\GetTransitiveGroupCount\GetTransitiveGroupCountRequest.cs" line-rate="1" branch-rate="1" complexity="2">
          <methods>
            <method name="get_RunId" signature="()" line-rate="1" branch-rate="1" complexity="1">
              <lines>
                <line number="9" hits="49" branch="False" />
              </lines>
            </method>
            <method name="get_GroupId" signature="()" line-rate="1" branch-rate="1" complexity="1">
              <lines>
                <line number="10" hits="25" branch="False" />
              </lines>
            </method>
          </methods>
          <lines>
            <line number="9" hits="49" branch="False" />
            <line number="10" hits="25" branch="False" />
          </lines>
        </class>
        <class name="Hosts.GroupMembershipObtainer.GetUserCountFunction" filename="Function\Activity\GetUserCount\GetUserCountFunction.cs" line-rate="1" branch-rate="0.5" complexity="4">
          <methods>
            <method name=".ctor" signature="(Repositories.Contracts.ILoggingRepository,Hosts.GroupMembershipObtainer.SGMembershipCalculator)" line-rate="1" branch-rate="0.5" complexity="4">
              <lines>
                <line number="20" hits="2" branch="False" />
                <line number="21" hits="2" branch="False" />
                <line number="22" hits="2" branch="True" condition-coverage="50% (1/2)">
                  <conditions>
                    <condition number="11" type="jump" coverage="50%" />
                  </conditions>
                </line>
                <line number="23" hits="2" branch="True" condition-coverage="50% (1/2)">
                  <conditions>
                    <condition number="33" type="jump" coverage="50%" />
                  </conditions>
                </line>
                <line number="24" hits="2" branch="False" />
              </lines>
            </method>
          </methods>
          <lines>
            <line number="20" hits="2" branch="False" />
            <line number="21" hits="2" branch="False" />
            <line number="22" hits="2" branch="True" condition-coverage="50% (1/2)">
              <conditions>
                <condition number="11" type="jump" coverage="50%" />
              </conditions>
            </line>
            <line number="23" hits="2" branch="True" condition-coverage="50% (1/2)">
              <conditions>
                <condition number="33" type="jump" coverage="50%" />
              </conditions>
            </line>
            <line number="24" hits="2" branch="False" />
          </lines>
        </class>
        <class name="Hosts.GroupMembershipObtainer.GetUserCountFunction/&lt;GetUserCountAsync&gt;d__3" filename="Function\Activity\GetUserCount\GetUserCountFunction.cs" line-rate="1" branch-rate="1" complexity="1">
          <methods>
            <method name="MoveNext" signature="()" line-rate="1" branch-rate="1" complexity="1">
              <lines>
                <line number="28" hits="2" branch="False" />
                <line number="29" hits="2" branch="False" />
                <line number="30" hits="2" branch="False" />
                <line number="31" hits="2" branch="False" />
                <line number="32" hits="2" branch="False" />
                <line number="33" hits="2" branch="False" />
                <line number="34" hits="2" branch="False" />
              </lines>
            </method>
          </methods>
          <lines>
            <line number="28" hits="2" branch="False" />
            <line number="29" hits="2" branch="False" />
            <line number="30" hits="2" branch="False" />
            <line number="31" hits="2" branch="False" />
            <line number="32" hits="2" branch="False" />
            <line number="33" hits="2" branch="False" />
            <line number="34" hits="2" branch="False" />
          </lines>
        </class>
        <class name="Hosts.GroupMembershipObtainer.GetUserCountRequest" filename="Function\Activity\GetUserCount\GetUserCountRequest.cs" line-rate="1" branch-rate="1" complexity="2">
          <methods>
            <method name="get_RunId" signature="()" line-rate="1" branch-rate="1" complexity="1">
              <lines>
                <line number="9" hits="11" branch="False" />
              </lines>
            </method>
            <method name="get_GroupId" signature="()" line-rate="1" branch-rate="1" complexity="1">
              <lines>
                <line number="10" hits="7" branch="False" />
              </lines>
            </method>
          </methods>
          <lines>
            <line number="9" hits="11" branch="False" />
            <line number="10" hits="7" branch="False" />
          </lines>
        </class>
        <class name="Hosts.GroupMembershipObtainer.GroupReaderFunction" filename="Function\Activity\GroupReader\GroupReaderFunction.cs" line-rate="1" branch-rate="1" complexity="2">
          <methods>
            <method name="GetSourceGroup" signature="(Hosts.GroupMembershipObtainer.GroupReaderRequest)" line-rate="1" branch-rate="1" complexity="1">
              <lines>
                <line number="55" hits="7" branch="False" />
                <line number="56" hits="7" branch="False" />
                <line number="57" hits="7" branch="False" />
                <line number="58" hits="7" branch="False" />
                <line number="59" hits="7" branch="False" />
                <line number="60" hits="7" branch="False" />
                <line number="61" hits="7" branch="False" />
              </lines>
            </method>
            <method name=".ctor" signature="(Repositories.Contracts.ILoggingRepository,Hosts.GroupMembershipObtainer.SGMembershipCalculator)" line-rate="1" branch-rate="1" complexity="1">
              <lines>
                <line number="19" hits="7" branch="False" />
                <line number="20" hits="7" branch="False" />
                <line number="21" hits="7" branch="False" />
                <line number="22" hits="7" branch="False" />
                <line number="23" hits="7" branch="False" />
              </lines>
            </method>
          </methods>
          <lines>
            <line number="55" hits="7" branch="False" />
            <line number="56" hits="7" branch="False" />
            <line number="57" hits="7" branch="False" />
            <line number="58" hits="7" branch="False" />
            <line number="59" hits="7" branch="False" />
            <line number="60" hits="7" branch="False" />
            <line number="61" hits="7" branch="False" />
            <line number="19" hits="7" branch="False" />
            <line number="20" hits="7" branch="False" />
            <line number="21" hits="7" branch="False" />
            <line number="22" hits="7" branch="False" />
            <line number="23" hits="7" branch="False" />
          </lines>
        </class>
        <class name="Hosts.GroupMembershipObtainer.GroupReaderFunction/&lt;GetGroupAsync&gt;d__3" filename="Function\Activity\GroupReader\GroupReaderFunction.cs" line-rate="0.6956" branch-rate="0.5" complexity="4">
          <methods>
            <method name="MoveNext" signature="()" line-rate="0.6956" branch-rate="0.5" complexity="4">
              <lines>
                <line number="27" hits="7" branch="False" />
                <line number="28" hits="7" branch="False" />
                <line number="29" hits="7" branch="True" condition-coverage="50% (1/2)">
                  <conditions>
                    <condition number="224" type="jump" coverage="50%" />
                  </conditions>
                </line>
                <line number="30" hits="0" branch="False" />
                <line number="31" hits="0" branch="False" />
                <line number="32" hits="0" branch="False" />
                <line number="33" hits="0" branch="False" />
                <line number="34" hits="0" branch="False" />
                <line number="35" hits="0" branch="False" />
                <line number="36" hits="0" branch="False" />
                <line number="38" hits="7" branch="False" />
                <line number="39" hits="7" branch="False" />
                <line number="40" hits="7" branch="False" />
                <line number="41" hits="7" branch="False" />
                <line number="42" hits="7" branch="False" />
                <line number="43" hits="7" branch="False" />
                <line number="44" hits="7" branch="False" />
                <line number="46" hits="7" branch="True" condition-coverage="50% (1/2)">
                  <conditions>
                    <condition number="795" type="jump" coverage="50%" />
                  </conditions>
                </line>
                <line number="47" hits="7" branch="False" />
                <line number="48" hits="7" branch="False" />
                <line number="50" hits="7" branch="False" />
                <line number="51" hits="7" branch="False" />
                <line number="52" hits="7" branch="False" />
              </lines>
            </method>
          </methods>
          <lines>
            <line number="27" hits="7" branch="False" />
            <line number="28" hits="7" branch="False" />
            <line number="29" hits="7" branch="True" condition-coverage="50% (1/2)">
              <conditions>
                <condition number="224" type="jump" coverage="50%" />
              </conditions>
            </line>
            <line number="30" hits="0" branch="False" />
            <line number="31" hits="0" branch="False" />
            <line number="32" hits="0" branch="False" />
            <line number="33" hits="0" branch="False" />
            <line number="34" hits="0" branch="False" />
            <line number="35" hits="0" branch="False" />
            <line number="36" hits="0" branch="False" />
            <line number="38" hits="7" branch="False" />
            <line number="39" hits="7" branch="False" />
            <line number="40" hits="7" branch="False" />
            <line number="41" hits="7" branch="False" />
            <line number="42" hits="7" branch="False" />
            <line number="43" hits="7" branch="False" />
            <line number="44" hits="7" branch="False" />
            <line number="46" hits="7" branch="True" condition-coverage="50% (1/2)">
              <conditions>
                <condition number="795" type="jump" coverage="50%" />
              </conditions>
            </line>
            <line number="47" hits="7" branch="False" />
            <line number="48" hits="7" branch="False" />
            <line number="50" hits="7" branch="False" />
            <line number="51" hits="7" branch="False" />
            <line number="52" hits="7" branch="False" />
          </lines>
        </class>
        <class name="Hosts.GroupMembershipObtainer.GroupReaderRequest" filename="Function\Activity\GroupReader\GroupReaderRequest.cs" line-rate="1" branch-rate="1" complexity="4">
          <methods>
            <method name="get_SyncJob" signature="()" line-rate="1" branch-rate="1" complexity="1">
              <lines>
                <line number="10" hits="28" branch="False" />
              </lines>
            </method>
            <method name="get_RunId" signature="()" line-rate="1" branch-rate="1" complexity="1">
              <lines>
                <line number="11" hits="28" branch="False" />
              </lines>
            </method>
            <method name="get_CurrentPart" signature="()" line-rate="1" branch-rate="1" complexity="1">
              <lines>
                <line number="12" hits="21" branch="False" />
              </lines>
            </method>
            <method name="get_IsDestinationPart" signature="()" line-rate="1" branch-rate="1" complexity="1">
              <lines>
                <line number="13" hits="21" branch="False" />
              </lines>
            </method>
          </methods>
          <lines>
            <line number="10" hits="28" branch="False" />
            <line number="11" hits="28" branch="False" />
            <line number="12" hits="21" branch="False" />
            <line number="13" hits="21" branch="False" />
          </lines>
        </class>
        <class name="Hosts.GroupMembershipObtainer.GroupValidatorFunction" filename="Function\Activity\GroupValidator\GroupValidatorFunction.cs" line-rate="1" branch-rate="1" complexity="1">
          <methods>
            <method name=".ctor" signature="(Repositories.Contracts.ILoggingRepository,Hosts.GroupMembershipObtainer.SGMembershipCalculator,Repositories.Contracts.InjectConfig.IEmailSenderRecipient)" line-rate="1" branch-rate="1" complexity="1">
              <lines>
                <line number="24" hits="14" branch="False" />
                <line number="25" hits="14" branch="False" />
                <line number="26" hits="14" branch="False" />
                <line number="27" hits="14" branch="False" />
                <line number="28" hits="14" branch="False" />
                <line number="29" hits="14" branch="False" />
              </lines>
            </method>
          </methods>
          <lines>
            <line number="24" hits="14" branch="False" />
            <line number="25" hits="14" branch="False" />
            <line number="26" hits="14" branch="False" />
            <line number="27" hits="14" branch="False" />
            <line number="28" hits="14" branch="False" />
            <line number="29" hits="14" branch="False" />
          </lines>
        </class>
        <class name="Hosts.GroupMembershipObtainer.GroupValidatorFunction/&lt;ValidateGroupAsync&gt;d__5" filename="Function\Activity\GroupValidator\GroupValidatorFunction.cs" line-rate="0.7674" branch-rate="0.5625" complexity="16">
          <methods>
            <method name="MoveNext" signature="()" line-rate="0.7674" branch-rate="0.5625" complexity="16">
              <lines>
                <line number="33" hits="14" branch="False" />
                <line number="34" hits="14" branch="False" />
                <line number="35" hits="14" branch="False" />
                <line number="36" hits="14" branch="False" />
                <line number="38" hits="14" branch="False" />
                <line number="39" hits="14" branch="False" />
                <line number="40" hits="14" branch="True" condition-coverage="75% (3/4)">
                  <conditions>
                    <condition number="513" type="jump" coverage="50%" />
                    <condition number="533" type="jump" coverage="100%" />
                  </conditions>
                </line>
                <line number="41" hits="13" branch="False" />
                <line number="42" hits="13" branch="False" />
                <line number="43" hits="13" branch="False" />
                <line number="44" hits="13" branch="False" />
                <line number="46" hits="1" branch="False" />
                <line number="47" hits="1" branch="True" condition-coverage="50% (1/2)">
                  <conditions>
                    <condition number="788" type="jump" coverage="50%" />
                  </conditions>
                </line>
                <line number="48" hits="1" branch="False" />
                <line number="49" hits="1" branch="False" />
                <line number="50" hits="1" branch="False" />
                <line number="51" hits="1" branch="True" condition-coverage="75% (3/4)">
                  <conditions>
                    <condition number="1193" type="jump" coverage="50%" />
                    <condition number="1228" type="jump" coverage="100%" />
                  </conditions>
                </line>
                <line number="52" hits="1" branch="False" />
                <line number="53" hits="1" branch="False" />
                <line number="54" hits="1" branch="False" />
                <line number="55" hits="1" branch="False" />
                <line number="56" hits="1" branch="False" />
                <line number="57" hits="1" branch="False" />
                <line number="58" hits="1" branch="False" />
                <line number="59" hits="1" branch="False" />
                <line number="60" hits="1" branch="False" />
                <line number="61" hits="1" branch="False" />
                <line number="62" hits="0" branch="True" condition-coverage="50% (1/2)">
                  <conditions>
                    <condition number="1503" type="jump" coverage="50%" />
                  </conditions>
                </line>
                <line number="63" hits="0" branch="False" />
                <line number="65" hits="1" branch="True" condition-coverage="50% (1/2)">
                  <conditions>
                    <condition number="1733" type="jump" coverage="50%" />
                  </conditions>
                </line>
                <line number="66" hits="1" branch="False" />
                <line number="67" hits="1" branch="False" />
                <line number="68" hits="14" branch="False" />
                <line number="69" hits="14" branch="False" />
                <line number="71" hits="0" branch="False" />
                <line number="72" hits="0" branch="False" />
                <line number="73" hits="0" branch="True" condition-coverage="0% (0/2)">
                  <conditions>
                    <condition number="2008" type="jump" coverage="0%" />
                  </conditions>
                </line>
                <line number="74" hits="0" branch="False" />
                <line number="75" hits="0" branch="False" />
                <line number="76" hits="0" branch="False" />
                <line number="77" hits="0" branch="False" />
                <line number="78" hits="0" branch="False" />
                <line number="80" hits="14" branch="False" />
              </lines>
            </method>
          </methods>
          <lines>
            <line number="33" hits="14" branch="False" />
            <line number="34" hits="14" branch="False" />
            <line number="35" hits="14" branch="False" />
            <line number="36" hits="14" branch="False" />
            <line number="38" hits="14" branch="False" />
            <line number="39" hits="14" branch="False" />
            <line number="40" hits="14" branch="True" condition-coverage="75% (3/4)">
              <conditions>
                <condition number="513" type="jump" coverage="50%" />
                <condition number="533" type="jump" coverage="100%" />
              </conditions>
            </line>
            <line number="41" hits="13" branch="False" />
            <line number="42" hits="13" branch="False" />
            <line number="43" hits="13" branch="False" />
            <line number="44" hits="13" branch="False" />
            <line number="46" hits="1" branch="False" />
            <line number="47" hits="1" branch="True" condition-coverage="50% (1/2)">
              <conditions>
                <condition number="788" type="jump" coverage="50%" />
              </conditions>
            </line>
            <line number="48" hits="1" branch="False" />
            <line number="49" hits="1" branch="False" />
            <line number="50" hits="1" branch="False" />
            <line number="51" hits="1" branch="True" condition-coverage="75% (3/4)">
              <conditions>
                <condition number="1193" type="jump" coverage="50%" />
                <condition number="1228" type="jump" coverage="100%" />
              </conditions>
            </line>
            <line number="52" hits="1" branch="False" />
            <line number="53" hits="1" branch="False" />
            <line number="54" hits="1" branch="False" />
            <line number="55" hits="1" branch="False" />
            <line number="56" hits="1" branch="False" />
            <line number="57" hits="1" branch="False" />
            <line number="58" hits="1" branch="False" />
            <line number="59" hits="1" branch="False" />
            <line number="60" hits="1" branch="False" />
            <line number="61" hits="1" branch="False" />
            <line number="62" hits="0" branch="True" condition-coverage="50% (1/2)">
              <conditions>
                <condition number="1503" type="jump" coverage="50%" />
              </conditions>
            </line>
            <line number="63" hits="0" branch="False" />
            <line number="65" hits="1" branch="True" condition-coverage="50% (1/2)">
              <conditions>
                <condition number="1733" type="jump" coverage="50%" />
              </conditions>
            </line>
            <line number="66" hits="1" branch="False" />
            <line number="67" hits="1" branch="False" />
            <line number="68" hits="14" branch="False" />
            <line number="69" hits="14" branch="False" />
            <line number="71" hits="0" branch="False" />
            <line number="72" hits="0" branch="False" />
            <line number="73" hits="0" branch="True" condition-coverage="0% (0/2)">
              <conditions>
                <condition number="2008" type="jump" coverage="0%" />
              </conditions>
            </line>
            <line number="74" hits="0" branch="False" />
            <line number="75" hits="0" branch="False" />
            <line number="76" hits="0" branch="False" />
            <line number="77" hits="0" branch="False" />
            <line number="78" hits="0" branch="False" />
            <line number="80" hits="14" branch="False" />
          </lines>
        </class>
        <class name="Hosts.GroupMembershipObtainer.GroupValidatorRequest" filename="Function\Activity\GroupValidator\GroupValidatorRequest.cs" line-rate="0.6" branch-rate="1" complexity="5">
          <methods>
            <method name="get_RunId" signature="()" line-rate="1" branch-rate="1" complexity="1">
              <lines>
                <line number="10" hits="84" branch="False" />
              </lines>
            </method>
            <method name="get_ObjectId" signature="()" line-rate="1" branch-rate="1" complexity="1">
              <lines>
                <line number="11" hits="44" branch="False" />
              </lines>
            </method>
            <method name="get_SyncJob" signature="()" line-rate="1" branch-rate="1" complexity="1">
              <lines>
                <line number="12" hits="18" branch="False" />
              </lines>
            </method>
            <method name="get_Content" signature="()" line-rate="0" branch-rate="1" complexity="1">
              <lines>
                <line number="13" hits="0" branch="False" />
              </lines>
            </method>
            <method name="get_AdditionalContentParams" signature="()" line-rate="0" branch-rate="1" complexity="1">
              <lines>
                <line number="14" hits="0" branch="False" />
              </lines>
            </method>
          </methods>
          <lines>
            <line number="10" hits="84" branch="False" />
            <line number="11" hits="44" branch="False" />
            <line number="12" hits="18" branch="False" />
            <line number="13" hits="0" branch="False" />
            <line number="14" hits="0" branch="False" />
          </lines>
        </class>
        <class name="Hosts.GroupMembershipObtainer.JobStatusUpdaterFunction" filename="Function\Activity\JobStatusUpdater\JobStatusUpdaterFunction.cs" line-rate="1" branch-rate="1" complexity="1">
          <methods>
            <method name=".ctor" signature="(Repositories.Contracts.ILoggingRepository,Hosts.GroupMembershipObtainer.SGMembershipCalculator)" line-rate="1" branch-rate="1" complexity="1">
              <lines>
                <line number="17" hits="8" branch="False" />
                <line number="18" hits="8" branch="False" />
                <line number="19" hits="8" branch="False" />
                <line number="20" hits="8" branch="False" />
                <line number="21" hits="8" branch="False" />
              </lines>
            </method>
          </methods>
          <lines>
            <line number="17" hits="8" branch="False" />
            <line number="18" hits="8" branch="False" />
            <line number="19" hits="8" branch="False" />
            <line number="20" hits="8" branch="False" />
            <line number="21" hits="8" branch="False" />
          </lines>
        </class>
        <class name="Hosts.GroupMembershipObtainer.JobStatusUpdaterFunction/&lt;UpdateJobStatusAsync&gt;d__3" filename="Function\Activity\JobStatusUpdater\JobStatusUpdaterFunction.cs" line-rate="1" branch-rate="1" complexity="2">
          <methods>
            <method name="MoveNext" signature="()" line-rate="1" branch-rate="1" complexity="2">
              <lines>
                <line number="25" hits="8" branch="False" />
                <line number="26" hits="8" branch="True" condition-coverage="100% (2/2)">
                  <conditions>
                    <condition number="59" type="jump" coverage="100%" />
                  </conditions>
                </line>
                <line number="27" hits="8" branch="False" />
                <line number="28" hits="8" branch="False" />
                <line number="29" hits="8" branch="False" />
                <line number="30" hits="8" branch="False" />
                <line number="31" hits="8" branch="False" />
                <line number="32" hits="8" branch="False" />
              </lines>
            </method>
          </methods>
          <lines>
            <line number="25" hits="8" branch="False" />
            <line number="26" hits="8" branch="True" condition-coverage="100% (2/2)">
              <conditions>
                <condition number="59" type="jump" coverage="100%" />
              </conditions>
            </line>
            <line number="27" hits="8" branch="False" />
            <line number="28" hits="8" branch="False" />
            <line number="29" hits="8" branch="False" />
            <line number="30" hits="8" branch="False" />
            <line number="31" hits="8" branch="False" />
            <line number="32" hits="8" branch="False" />
          </lines>
        </class>
        <class name="Hosts.GroupMembershipObtainer.JobStatusUpdaterRequest" filename="Function\Activity\JobStatusUpdater\JobStatusUpdaterRequest.cs" line-rate="1" branch-rate="1" complexity="2">
          <methods>
            <method name="get_SyncJob" signature="()" line-rate="1" branch-rate="1" complexity="1">
              <lines>
                <line number="10" hits="40" branch="False" />
              </lines>
            </method>
            <method name="get_Status" signature="()" line-rate="1" branch-rate="1" complexity="1">
              <lines>
                <line number="11" hits="16" branch="False" />
              </lines>
            </method>
          </methods>
          <lines>
            <line number="10" hits="40" branch="False" />
            <line number="11" hits="16" branch="False" />
          </lines>
        </class>
        <class name="Hosts.GroupMembershipObtainer.MembersReaderFunction" filename="Function\Activity\MembersReader\MembersReaderFunction.cs" line-rate="1" branch-rate="0.5" complexity="4">
          <methods>
            <method name=".ctor" signature="(Repositories.Contracts.ILoggingRepository,Hosts.GroupMembershipObtainer.SGMembershipCalculator)" line-rate="1" branch-rate="0.5" complexity="4">
              <lines>
                <line number="21" hits="3" branch="False" />
                <line number="22" hits="3" branch="False" />
                <line number="23" hits="3" branch="True" condition-coverage="50% (1/2)">
                  <conditions>
                    <condition number="11" type="jump" coverage="50%" />
                  </conditions>
                </line>
                <line number="24" hits="3" branch="True" condition-coverage="50% (1/2)">
                  <conditions>
                    <condition number="33" type="jump" coverage="50%" />
                  </conditions>
                </line>
                <line number="25" hits="3" branch="False" />
              </lines>
            </method>
          </methods>
          <lines>
            <line number="21" hits="3" branch="False" />
            <line number="22" hits="3" branch="False" />
            <line number="23" hits="3" branch="True" condition-coverage="50% (1/2)">
              <conditions>
                <condition number="11" type="jump" coverage="50%" />
              </conditions>
            </line>
            <line number="24" hits="3" branch="True" condition-coverage="50% (1/2)">
              <conditions>
                <condition number="33" type="jump" coverage="50%" />
              </conditions>
            </line>
            <line number="25" hits="3" branch="False" />
          </lines>
        </class>
        <class name="Hosts.GroupMembershipObtainer.MembersReaderFunction/&lt;GetMembersAsync&gt;d__3" filename="Function\Activity\MembersReader\MembersReaderFunction.cs" line-rate="1" branch-rate="1" complexity="1">
          <methods>
            <method name="MoveNext" signature="()" line-rate="1" branch-rate="1" complexity="1">
              <lines>
                <line number="29" hits="3" branch="False" />
                <line number="30" hits="3" branch="False" />
                <line number="31" hits="3" branch="False" />
                <line number="32" hits="3" branch="False" />
                <line number="33" hits="3" branch="False" />
                <line number="34" hits="3" branch="False" />
                <line number="35" hits="3" branch="False" />
              </lines>
            </method>
          </methods>
          <lines>
            <line number="29" hits="3" branch="False" />
            <line number="30" hits="3" branch="False" />
            <line number="31" hits="3" branch="False" />
            <line number="32" hits="3" branch="False" />
            <line number="33" hits="3" branch="False" />
            <line number="34" hits="3" branch="False" />
            <line number="35" hits="3" branch="False" />
          </lines>
        </class>
        <class name="Hosts.GroupMembershipObtainer.MembersReaderRequest" filename="Function\Activity\MembersReader\MembersReaderRequest.cs" line-rate="1" branch-rate="1" complexity="2">
          <methods>
            <method name="get_RunId" signature="()" line-rate="1" branch-rate="1" complexity="1">
              <lines>
                <line number="9" hits="15" branch="False" />
              </lines>
            </method>
            <method name="get_GroupId" signature="()" line-rate="1" branch-rate="1" complexity="1">
              <lines>
                <line number="10" hits="6" branch="False" />
              </lines>
            </method>
          </methods>
          <lines>
            <line number="9" hits="15" branch="False" />
            <line number="10" hits="6" branch="False" />
          </lines>
        </class>
        <class name="Hosts.GroupMembershipObtainer.QueueMessageSenderFunction" filename="Function\Activity\QueueMessageSender\QueueMessageSenderFunction.cs" line-rate="1" branch-rate="0.5" complexity="4">
          <methods>
            <method name=".ctor" signature="(Repositories.Contracts.ILoggingRepository,Repositories.Contracts.IServiceBusQueueRepository)" line-rate="1" branch-rate="0.5" complexity="4">
              <lines>
                <line number="16" hits="1" branch="False" />
                <line number="17" hits="1" branch="False" />
                <line number="18" hits="1" branch="False" />
                <line number="19" hits="1" branch="False" />
                <line number="20" hits="1" branch="False" />
                <line number="21" hits="1" branch="False" />
                <line number="22" hits="1" branch="True" condition-coverage="50% (1/2)">
                  <conditions>
                    <condition number="25" type="jump" coverage="50%" />
                  </conditions>
                </line>
                <line number="23" hits="1" branch="True" condition-coverage="50% (1/2)">
                  <conditions>
                    <condition number="47" type="jump" coverage="50%" />
                  </conditions>
                </line>
                <line number="24" hits="1" branch="False" />
              </lines>
            </method>
          </methods>
          <lines>
            <line number="16" hits="1" branch="False" />
            <line number="17" hits="1" branch="False" />
            <line number="18" hits="1" branch="False" />
            <line number="19" hits="1" branch="False" />
            <line number="20" hits="1" branch="False" />
            <line number="21" hits="1" branch="False" />
            <line number="22" hits="1" branch="True" condition-coverage="50% (1/2)">
              <conditions>
                <condition number="25" type="jump" coverage="50%" />
              </conditions>
            </line>
            <line number="23" hits="1" branch="True" condition-coverage="50% (1/2)">
              <conditions>
                <condition number="47" type="jump" coverage="50%" />
              </conditions>
            </line>
            <line number="24" hits="1" branch="False" />
          </lines>
        </class>
        <class name="Hosts.GroupMembershipObtainer.QueueMessageSenderFunction/&lt;SendMessageAsync&gt;d__3" filename="Function\Activity\QueueMessageSender\QueueMessageSenderFunction.cs" line-rate="1" branch-rate="1" complexity="1">
          <methods>
            <method name="MoveNext" signature="()" line-rate="1" branch-rate="1" complexity="1">
              <lines>
                <line number="28" hits="1" branch="False" />
                <line number="30" hits="1" branch="False" />
                <line number="31" hits="1" branch="False" />
                <line number="32" hits="1" branch="False" />
                <line number="33" hits="1" branch="False" />
                <line number="34" hits="1" branch="False" />
                <line number="36" hits="1" branch="False" />
                <line number="38" hits="1" branch="False" />
                <line number="39" hits="1" branch="False" />
                <line number="40" hits="1" branch="False" />
                <line number="41" hits="1" branch="False" />
                <line number="42" hits="1" branch="False" />
                <line number="44" hits="1" branch="False" />
                <line number="46" hits="1" branch="False" />
                <line number="47" hits="1" branch="False" />
                <line number="48" hits="1" branch="False" />
                <line number="49" hits="1" branch="False" />
                <line number="50" hits="1" branch="False" />
                <line number="52" hits="1" branch="False" />
                <line number="53" hits="1" branch="False" />
                <line number="54" hits="1" branch="False" />
                <line number="55" hits="1" branch="False" />
                <line number="56" hits="1" branch="False" />
                <line number="57" hits="1" branch="False" />
              </lines>
            </method>
          </methods>
          <lines>
            <line number="28" hits="1" branch="False" />
            <line number="30" hits="1" branch="False" />
            <line number="31" hits="1" branch="False" />
            <line number="32" hits="1" branch="False" />
            <line number="33" hits="1" branch="False" />
            <line number="34" hits="1" branch="False" />
            <line number="36" hits="1" branch="False" />
            <line number="38" hits="1" branch="False" />
            <line number="39" hits="1" branch="False" />
            <line number="40" hits="1" branch="False" />
            <line number="41" hits="1" branch="False" />
            <line number="42" hits="1" branch="False" />
            <line number="44" hits="1" branch="False" />
            <line number="46" hits="1" branch="False" />
            <line number="47" hits="1" branch="False" />
            <line number="48" hits="1" branch="False" />
            <line number="49" hits="1" branch="False" />
            <line number="50" hits="1" branch="False" />
            <line number="52" hits="1" branch="False" />
            <line number="53" hits="1" branch="False" />
            <line number="54" hits="1" branch="False" />
            <line number="55" hits="1" branch="False" />
            <line number="56" hits="1" branch="False" />
            <line number="57" hits="1" branch="False" />
          </lines>
        </class>
        <class name="Hosts.GroupMembershipObtainer.SubsequentDeltaUsersReaderFunction" filename="Function\Activity\SubsequentDeltaUsersReader\SubsequentDeltaUsersReaderFunction.cs" line-rate="1" branch-rate="0.5" complexity="4">
          <methods>
            <method name=".ctor" signature="(Repositories.Contracts.ILoggingRepository,Hosts.GroupMembershipObtainer.SGMembershipCalculator)" line-rate="1" branch-rate="0.5" complexity="4">
              <lines>
                <line number="21" hits="1" branch="False" />
                <line number="22" hits="1" branch="False" />
                <line number="23" hits="1" branch="True" condition-coverage="50% (1/2)">
                  <conditions>
                    <condition number="11" type="jump" coverage="50%" />
                  </conditions>
                </line>
                <line number="24" hits="1" branch="True" condition-coverage="50% (1/2)">
                  <conditions>
                    <condition number="33" type="jump" coverage="50%" />
                  </conditions>
                </line>
                <line number="25" hits="1" branch="False" />
              </lines>
            </method>
          </methods>
          <lines>
            <line number="21" hits="1" branch="False" />
            <line number="22" hits="1" branch="False" />
            <line number="23" hits="1" branch="True" condition-coverage="50% (1/2)">
              <conditions>
                <condition number="11" type="jump" coverage="50%" />
              </conditions>
            </line>
            <line number="24" hits="1" branch="True" condition-coverage="50% (1/2)">
              <conditions>
                <condition number="33" type="jump" coverage="50%" />
              </conditions>
            </line>
            <line number="25" hits="1" branch="False" />
          </lines>
        </class>
        <class name="Hosts.GroupMembershipObtainer.SubsequentDeltaUsersReaderFunction/&lt;GetDeltaUsersAsync&gt;d__3" filename="Function\Activity\SubsequentDeltaUsersReader\SubsequentDeltaUsersReaderFunction.cs" line-rate="1" branch-rate="1" complexity="1">
          <methods>
            <method name="MoveNext" signature="()" line-rate="1" branch-rate="1" complexity="1">
              <lines>
                <line number="29" hits="1" branch="False" />
                <line number="30" hits="1" branch="False" />
                <line number="31" hits="1" branch="False" />
                <line number="32" hits="1" branch="False" />
                <line number="33" hits="1" branch="False" />
                <line number="34" hits="1" branch="False" />
                <line number="35" hits="1" branch="False" />
              </lines>
            </method>
          </methods>
          <lines>
            <line number="29" hits="1" branch="False" />
            <line number="30" hits="1" branch="False" />
            <line number="31" hits="1" branch="False" />
            <line number="32" hits="1" branch="False" />
            <line number="33" hits="1" branch="False" />
            <line number="34" hits="1" branch="False" />
            <line number="35" hits="1" branch="False" />
          </lines>
        </class>
        <class name="Hosts.GroupMembershipObtainer.SubsequentDeltaUsersReaderRequest" filename="Function\Activity\SubsequentDeltaUsersReader\SubsequentDeltaUsersReaderRequest.cs" line-rate="1" branch-rate="1" complexity="2">
          <methods>
            <method name="get_RunId" signature="()" line-rate="1" branch-rate="1" complexity="1">
              <lines>
                <line number="9" hits="4" branch="False" />
              </lines>
            </method>
            <method name="get_NextPageUrl" signature="()" line-rate="1" branch-rate="1" complexity="1">
              <lines>
                <line number="10" hits="2" branch="False" />
              </lines>
            </method>
          </methods>
          <lines>
            <line number="9" hits="4" branch="False" />
            <line number="10" hits="2" branch="False" />
          </lines>
        </class>
        <class name="Hosts.GroupMembershipObtainer.SubsequentMembersReaderFunction" filename="Function\Activity\SubsequentMembersReader\SubsequentMembersReaderFunction.cs" line-rate="1" branch-rate="0.5" complexity="4">
          <methods>
            <method name=".ctor" signature="(Repositories.Contracts.ILoggingRepository,Hosts.GroupMembershipObtainer.SGMembershipCalculator)" line-rate="1" branch-rate="0.5" complexity="4">
              <lines>
                <line number="21" hits="2" branch="False" />
                <line number="22" hits="2" branch="False" />
                <line number="23" hits="2" branch="True" condition-coverage="50% (1/2)">
                  <conditions>
                    <condition number="11" type="jump" coverage="50%" />
                  </conditions>
                </line>
                <line number="24" hits="2" branch="True" condition-coverage="50% (1/2)">
                  <conditions>
                    <condition number="33" type="jump" coverage="50%" />
                  </conditions>
                </line>
                <line number="25" hits="2" branch="False" />
              </lines>
            </method>
          </methods>
          <lines>
            <line number="21" hits="2" branch="False" />
            <line number="22" hits="2" branch="False" />
            <line number="23" hits="2" branch="True" condition-coverage="50% (1/2)">
              <conditions>
                <condition number="11" type="jump" coverage="50%" />
              </conditions>
            </line>
            <line number="24" hits="2" branch="True" condition-coverage="50% (1/2)">
              <conditions>
                <condition number="33" type="jump" coverage="50%" />
              </conditions>
            </line>
            <line number="25" hits="2" branch="False" />
          </lines>
        </class>
        <class name="Hosts.GroupMembershipObtainer.SubsequentMembersReaderFunction/&lt;GetMembersAsync&gt;d__3" filename="Function\Activity\SubsequentMembersReader\SubsequentMembersReaderFunction.cs" line-rate="1" branch-rate="1" complexity="1">
          <methods>
            <method name="MoveNext" signature="()" line-rate="1" branch-rate="1" complexity="1">
              <lines>
                <line number="29" hits="2" branch="False" />
                <line number="30" hits="2" branch="False" />
                <line number="31" hits="2" branch="False" />
                <line number="32" hits="2" branch="False" />
                <line number="33" hits="2" branch="False" />
[...]
                <line number="155" hits="6" branch="False" />
                <line number="156" hits="6" branch="False" />
                <line number="157" hits="6" branch="False" />
                <line number="158" hits="6" branch="False" />
                <line number="159" hits="6" branch="False" />
              </lines>
            </method>
          </methods>
          <lines>
            <line number="151" hits="6" branch="False" />
            <line number="152" hits="6" branch="False" />
            <line number="153" hits="6" branch="False" />
            <line number="154" hits="6" branch="False" />
            <line number="155" hits="6" branch="False" />
            <line number="156" hits="6" branch="False" />
            <line number="157" hits="6" branch="False" />
            <line number="158" hits="6" branch="False" />
            <line number="159" hits="6" branch="False" />
          </lines>
        </class>
        <class name="Hosts.GroupMembershipObtainer.SGMembershipCalculator/&lt;GetNextUsersPageAsync&gt;d__22" filename="Services\GroupMembershipObtainerService\SGMembershipCalculator.cs" line-rate="1" branch-rate="1" complexity="1">
          <methods>
            <method name="MoveNext" signature="()" line-rate="1" branch-rate="1" complexity="1">
              <lines>
                <line number="128" hits="3" branch="False" />
                <line number="129" hits="3" branch="False" />
                <line number="130" hits="3" branch="False" />
                <line number="131" hits="3" branch="False" />
                <line number="132" hits="3" branch="False" />
                <line number="133" hits="3" branch="False" />
                <line number="134" hits="3" branch="False" />
                <line number="135" hits="3" branch="False" />
                <line number="136" hits="3" branch="False" />
              </lines>
            </method>
          </methods>
          <lines>
            <line number="128" hits="3" branch="False" />
            <line number="129" hits="3" branch="False" />
            <line number="130" hits="3" branch="False" />
            <line number="131" hits="3" branch="False" />
            <line number="132" hits="3" branch="False" />
            <line number="133" hits="3" branch="False" />
            <line number="134" hits="3" branch="False" />
            <line number="135" hits="3" branch="False" />
            <line number="136" hits="3" branch="False" />
          </lines>
        </class>
        <class name="Hosts.GroupMembershipObtainer.SGMembershipCalculator/&lt;GetUsersCountAsync&gt;d__20" filename="Services\GroupMembershipObtainerService\SGMembershipCalculator.cs" line-rate="1" branch-rate="1" complexity="1">
          <methods>
            <method name="MoveNext" signature="()" line-rate="1" branch-rate="1" complexity="1">
              <lines>
                <line number="111" hits="2" branch="False" />
                <line number="112" hits="2" branch="False" />
                <line number="113" hits="2" branch="False" />
              </lines>
            </method>
          </methods>
          <lines>
            <line number="111" hits="2" branch="False" />
            <line number="112" hits="2" branch="False" />
            <line number="113" hits="2" branch="False" />
          </lines>
        </class>
        <class name="Hosts.GroupMembershipObtainer.SGMembershipCalculator/&lt;GroupExistsAsync&gt;d__16" filename="Services\GroupMembershipObtainerService\SGMembershipCalculator.cs" line-rate="1" branch-rate="1" complexity="1">
          <methods>
            <method name="MoveNext" signature="()" line-rate="1" branch-rate="1" complexity="1">
              <lines>
                <line number="66" hits="30" branch="False" />
                <line number="69" hits="30" branch="False" />
                <line number="79" hits="30" branch="False" />
              </lines>
            </method>
          </methods>
          <lines>
            <line number="66" hits="30" branch="False" />
            <line number="69" hits="30" branch="False" />
            <line number="79" hits="30" branch="False" />
          </lines>
        </class>
        <class name="Hosts.GroupMembershipObtainer.SGMembershipCalculator/&lt;ParseDestinationAsync&gt;d__31" filename="Services\GroupMembershipObtainerService\SGMembershipCalculator.cs" line-rate="0.7187" branch-rate="0.6875" complexity="16">
          <methods>
            <method name="MoveNext" signature="()" line-rate="0.7187" branch-rate="0.6875" complexity="16">
              <lines>
                <line number="268" hits="24" branch="False" />
                <line number="269" hits="24" branch="True" condition-coverage="50% (1/2)">
                  <conditions>
                    <condition number="26" type="jump" coverage="50%" />
                  </conditions>
                </line>
                <line number="271" hits="24" branch="False" />
                <line number="275" hits="24" branch="True" condition-coverage="62.5% (5/8)">
                  <conditions>
                    <condition number="84" type="jump" coverage="50%" />
                    <condition number="102" type="jump" coverage="50%" />
                    <condition number="130" type="jump" coverage="50%" />
                    <condition number="182" type="jump" coverage="100%" />
                  </conditions>
                </line>
                <line number="276" hits="24" branch="False" />
                <line number="277" hits="24" branch="False" />
                <line number="278" hits="32" branch="False" />
                <line number="280" hits="16" branch="False" />
                <line number="282" hits="16" branch="True" condition-coverage="100% (2/2)">
                  <conditions>
                    <condition number="238" type="jump" coverage="100%" />
                  </conditions>
                </line>
                <line number="283" hits="4" branch="False" />
                <line number="284" hits="8" branch="True" condition-coverage="50% (1/2)">
                  <conditions>
                    <condition number="274" type="jump" coverage="50%" />
                  </conditions>
                </line>
                <line number="286" hits="0" branch="False" />
                <line number="287" hits="0" branch="False" />
                <line number="288" hits="0" branch="False" />
                <line number="289" hits="0" branch="False" />
                <line number="290" hits="0" branch="False" />
                <line number="291" hits="0" branch="False" />
                <line number="292" hits="0" branch="False" />
                <line number="293" hits="0" branch="False" />
                <line number="294" hits="0" branch="False" />
                <line number="296" hits="12" branch="True" condition-coverage="100% (2/2)">
                  <conditions>
                    <condition number="387" type="jump" coverage="100%" />
                  </conditions>
                </line>
                <line number="297" hits="8" branch="False" />
                <line number="298" hits="8" branch="False" />
                <line number="299" hits="8" branch="False" />
                <line number="300" hits="8" branch="False" />
                <line number="301" hits="8" branch="False" />
                <line number="302" hits="8" branch="False" />
                <line number="303" hits="8" branch="False" />
                <line number="304" hits="8" branch="False" />
                <line number="305" hits="8" branch="False" />
                <line number="307" hits="8" branch="False" />
                <line number="308" hits="24" branch="False" />
              </lines>
            </method>
          </methods>
          <lines>
            <line number="268" hits="24" branch="False" />
            <line number="269" hits="24" branch="True" condition-coverage="50% (1/2)">
              <conditions>
                <condition number="26" type="jump" coverage="50%" />
              </conditions>
            </line>
            <line number="271" hits="24" branch="False" />
            <line number="275" hits="24" branch="True" condition-coverage="62.5% (5/8)">
              <conditions>
                <condition number="84" type="jump" coverage="50%" />
                <condition number="102" type="jump" coverage="50%" />
                <condition number="130" type="jump" coverage="50%" />
                <condition number="182" type="jump" coverage="100%" />
              </conditions>
            </line>
            <line number="276" hits="24" branch="False" />
            <line number="277" hits="24" branch="False" />
            <line number="278" hits="32" branch="False" />
            <line number="280" hits="16" branch="False" />
            <line number="282" hits="16" branch="True" condition-coverage="100% (2/2)">
              <conditions>
                <condition number="238" type="jump" coverage="100%" />
              </conditions>
            </line>
            <line number="283" hits="4" branch="False" />
            <line number="284" hits="8" branch="True" condition-coverage="50% (1/2)">
              <conditions>
                <condition number="274" type="jump" coverage="50%" />
              </conditions>
            </line>
            <line number="286" hits="0" branch="False" />
            <line number="287" hits="0" branch="False" />
            <line number="288" hits="0" branch="False" />
            <line number="289" hits="0" branch="False" />
            <line number="290" hits="0" branch="False" />
            <line number="291" hits="0" branch="False" />
            <line number="292" hits="0" branch="False" />
            <line number="293" hits="0" branch="False" />
            <line number="294" hits="0" branch="False" />
            <line number="296" hits="12" branch="True" condition-coverage="100% (2/2)">
              <conditions>
                <condition number="387" type="jump" coverage="100%" />
              </conditions>
            </line>
            <line number="297" hits="8" branch="False" />
            <line number="298" hits="8" branch="False" />
            <line number="299" hits="8" branch="False" />
            <line number="300" hits="8" branch="False" />
            <line number="301" hits="8" branch="False" />
            <line number="302" hits="8" branch="False" />
            <line number="303" hits="8" branch="False" />
            <line number="304" hits="8" branch="False" />
            <line number="305" hits="8" branch="False" />
            <line number="307" hits="8" branch="False" />
            <line number="308" hits="24" branch="False" />
          </lines>
        </class>
        <class name="Hosts.GroupMembershipObtainer.SGMembershipCalculator/&lt;SaveDeltaUsersAsync&gt;d__26" filename="Services\GroupMembershipObtainerService\SGMembershipCalculator.cs" line-rate="1" branch-rate="0.5" complexity="2">
          <methods>
            <method name="MoveNext" signature="()" line-rate="1" branch-rate="0.5" complexity="2">
              <lines>
                <line number="183" hits="9" branch="False" />
                <line number="184" hits="9" branch="False" />
                <line number="185" hits="9" branch="False" />
                <line number="186" hits="9" branch="False" />
                <line number="187" hits="9" branch="True" condition-coverage="50% (1/2)">
                  <conditions>
                    <condition number="276" type="jump" coverage="50%" />
                  </conditions>
                </line>
                <line number="188" hits="9" branch="False" />
                <line number="189" hits="9" branch="False" />
                <line number="190" hits="9" branch="False" />
                <line number="191" hits="9" branch="False" />
                <line number="192" hits="9" branch="False" />
                <line number="193" hits="9" branch="False" />
              </lines>
            </method>
          </methods>
          <lines>
            <line number="183" hits="9" branch="False" />
            <line number="184" hits="9" branch="False" />
            <line number="185" hits="9" branch="False" />
            <line number="186" hits="9" branch="False" />
            <line number="187" hits="9" branch="True" condition-coverage="50% (1/2)">
              <conditions>
                <condition number="276" type="jump" coverage="50%" />
              </conditions>
            </line>
            <line number="188" hits="9" branch="False" />
            <line number="189" hits="9" branch="False" />
            <line number="190" hits="9" branch="False" />
            <line number="191" hits="9" branch="False" />
            <line number="192" hits="9" branch="False" />
            <line number="193" hits="9" branch="False" />
          </lines>
        </class>
        <class name="Hosts.GroupMembershipObtainer.SGMembershipCalculator/&lt;SendEmailAsync&gt;d__27" filename="Services\GroupMembershipObtainerService\SGMembershipCalculator.cs" line-rate="1" branch-rate="1" complexity="1">
          <methods>
            <method name="MoveNext" signature="()" line-rate="1" branch-rate="1" complexity="1">
              <lines>
                <line number="196" hits="18" branch="False" />
                <line number="197" hits="18" branch="False" />
                <line number="198" hits="18" branch="False" />
                <line number="199" hits="18" branch="False" />
                <line number="200" hits="18" branch="False" />
                <line number="201" hits="18" branch="False" />
                <line number="202" hits="18" branch="False" />
                <line number="203" hits="18" branch="False" />
                <line number="204" hits="18" branch="False" />
                <line number="205" hits="18" branch="False" />
                <line number="206" hits="18" branch="False" />
                <line number="207" hits="18" branch="False" />
                <line number="208" hits="18" branch="False" />
                <line number="209" hits="18" branch="False" />
                <line number="210" hits="18" branch="False" />
                <line number="211" hits="18" branch="False" />
                <line number="212" hits="18" branch="False" />
                <line number="213" hits="18" branch="False" />
                <line number="214" hits="18" branch="False" />
                <line number="215" hits="18" branch="False" />
                <line number="217" hits="18" branch="False" />
              </lines>
            </method>
          </methods>
          <lines>
            <line number="196" hits="18" branch="False" />
            <line number="197" hits="18" branch="False" />
            <line number="198" hits="18" branch="False" />
            <line number="199" hits="18" branch="False" />
            <line number="200" hits="18" branch="False" />
            <line number="201" hits="18" branch="False" />
            <line number="202" hits="18" branch="False" />
            <line number="203" hits="18" branch="False" />
            <line number="204" hits="18" branch="False" />
            <line number="205" hits="18" branch="False" />
            <line number="206" hits="18" branch="False" />
            <line number="207" hits="18" branch="False" />
            <line number="208" hits="18" branch="False" />
            <line number="209" hits="18" branch="False" />
            <line number="210" hits="18" branch="False" />
            <line number="211" hits="18" branch="False" />
            <line number="212" hits="18" branch="False" />
            <line number="213" hits="18" branch="False" />
            <line number="214" hits="18" branch="False" />
            <line number="215" hits="18" branch="False" />
            <line number="217" hits="18" branch="False" />
          </lines>
        </class>
        <class name="Hosts.GroupMembershipObtainer.SGMembershipCalculator/&lt;SendMembershipAsync&gt;d__25" filename="Services\GroupMembershipObtainerService\SGMembershipCalculator.cs" line-rate="1" branch-rate="0.5" complexity="2">
          <methods>
            <method name="MoveNext" signature="()" line-rate="1" branch-rate="0.5" complexity="2">
              <lines>
                <line number="162" hits="9" branch="False" />
                <line number="163" hits="9" branch="False" />
                <line number="164" hits="9" branch="True" condition-coverage="50% (1/2)">
                  <conditions>
                    <condition number="57" type="jump" coverage="50%" />
                  </conditions>
                </line>
                <line number="165" hits="9" branch="False" />
                <line number="166" hits="9" branch="False" />
                <line number="167" hits="9" branch="False" />
                <line number="168" hits="9" branch="False" />
                <line number="169" hits="9" branch="False" />
                <line number="170" hits="9" branch="False" />
                <line number="171" hits="9" branch="False" />
                <line number="172" hits="9" branch="False" />
                <line number="173" hits="9" branch="False" />
                <line number="175" hits="9" branch="False" />
                <line number="176" hits="9" branch="False" />
                <line number="177" hits="9" branch="False" />
                <line number="179" hits="9" branch="False" />
                <line number="180" hits="9" branch="False" />
              </lines>
            </method>
          </methods>
          <lines>
            <line number="162" hits="9" branch="False" />
            <line number="163" hits="9" branch="False" />
            <line number="164" hits="9" branch="True" condition-coverage="50% (1/2)">
              <conditions>
                <condition number="57" type="jump" coverage="50%" />
              </conditions>
            </line>
            <line number="165" hits="9" branch="False" />
            <line number="166" hits="9" branch="False" />
            <line number="167" hits="9" branch="False" />
            <line number="168" hits="9" branch="False" />
            <line number="169" hits="9" branch="False" />
            <line number="170" hits="9" branch="False" />
            <line number="171" hits="9" branch="False" />
            <line number="172" hits="9" branch="False" />
            <line number="173" hits="9" branch="False" />
            <line number="175" hits="9" branch="False" />
            <line number="176" hits="9" branch="False" />
            <line number="177" hits="9" branch="False" />
            <line number="179" hits="9" branch="False" />
            <line number="180" hits="9" branch="False" />
          </lines>
        </class>
        <class name="Hosts.GroupMembershipObtainer.SGMembershipCalculator/&lt;UpdateSyncJobStatusAsync&gt;d__28" filename="Services\GroupMembershipObtainerService\SGMembershipCalculator.cs" line-rate="1" branch-rate="1" complexity="1">
          <methods>
            <method name="MoveNext" signature="()" line-rate="1" branch-rate="1" complexity="1">
              <lines>
                <line number="220" hits="8" branch="False" />
                <line number="221" hits="8" branch="False" />
                <line number="222" hits="8" branch="False" />
              </lines>
            </method>
          </methods>
          <lines>
            <line number="220" hits="8" branch="False" />
            <line number="221" hits="8" branch="False" />
            <line number="222" hits="8" branch="False" />
          </lines>
        </class>
      </classes>
    </package>
    <package name="Services.Contracts" line-rate="1" branch-rate="1" complexity="0">
      <classes />
    </package>
  </packages>
</coverage>